QuestaSim vlog 10.6c Compiler 2017.07 Jul 25 2017
Start time: 16:23:24 on Mar 02,2025
vlog -sv "+acc" "+cover" "+fcover" -l I2sCompile.log -f ../I2sCompile.f 
-- Compiling package I2sGlobalPkg
-- Compiling package I2sTransmitterPkg
** Note: (vlog-2286) ../../src/hvlTop/i2sTransmitter/I2sTransmitterPkg.sv(6): Using implicit +incdir+/tools/mentor/questasim_10.6c/questasim/uvm-1.1d/../verilog_src/uvm-1.1d/src from import uvm_pkg
-- Importing package mtiUvm.uvm_pkg (uvm-1.1d Built-in)
-- Importing package I2sGlobalPkg
-- Compiling package I2sReceiverPkg
-- Compiling package I2sTransmitterSequencePkg
-- Importing package I2sTransmitterPkg
-- Compiling package I2sReceiverSequencePkg
-- Importing package I2sReceiverPkg
-- Compiling package I2sEnvPkg
-- Compiling package I2sVirtualSeqPkg
-- Importing package I2sTransmitterSequencePkg
-- Importing package I2sReceiverSequencePkg
-- Importing package I2sEnvPkg
-- Compiling package I2sTestPkg
-- Importing package I2sVirtualSeqPkg
-- Compiling package I2sInterface_sv_unit
-- Importing package I2sGlobalPkg
-- Compiling interface I2sInterface
-- Importing package mtiUvm.uvm_pkg (uvm-1.1d Built-in)
-- Importing package I2sTransmitterPkg
-- Importing package I2sReceiverPkg
-- Compiling package I2sTransmitterDriverBFM_sv_unit
-- Importing package I2sGlobalPkg
-- Compiling interface I2sTransmitterDriverBFM
-- Importing package mtiUvm.uvm_pkg (uvm-1.1d Built-in)
-- Importing package I2sTransmitterPkg
-- Compiling package I2sTransmitterMonitorBFM_sv_unit
-- Importing package I2sGlobalPkg
-- Compiling interface I2sTransmitterMonitorBFM
-- Importing package mtiUvm.uvm_pkg (uvm-1.1d Built-in)
-- Importing package I2sTransmitterPkg
-- Compiling module I2sTransmitterAgentBFM
-- Compiling package I2sReceiverDriverBFM_sv_unit
-- Importing package I2sGlobalPkg
-- Compiling interface I2sReceiverDriverBFM
-- Importing package mtiUvm.uvm_pkg (uvm-1.1d Built-in)
-- Importing package I2sReceiverPkg
-- Compiling package I2sReceiverMonitorBFM_sv_unit
-- Importing package I2sGlobalPkg
-- Compiling interface I2sReceiverMonitorBFM
-- Importing package mtiUvm.uvm_pkg (uvm-1.1d Built-in)
-- Importing package I2sReceiverPkg
-- Compiling module I2sReceiverAgentBFM
-- Compiling module hdlTop
-- Compiling module hvlTop
-- Importing package I2sTestPkg
-- Importing package I2sTransmitterPkg
-- Importing package I2sEnvPkg
-- Importing package I2sTransmitterSequencePkg
-- Importing package I2sReceiverSequencePkg
-- Importing package I2sVirtualSeqPkg

Top level modules:
	hdlTop
	hvlTop
End time: 16:23:28 on Mar 02,2025, Elapsed time: 0:00:04
Errors: 0, Warnings: 0
